<?xml version="1.0" encoding="UTF-8"?>
<testsuite xmlns:xsi="http://www.w3.org/2001/XMLSchema-instance" xsi:noNamespaceSchemaLocation="https://maven.apache.org/surefire/maven-surefire-plugin/xsd/surefire-test-report-3.0.xsd" version="3.0" name="dstu.mkis44.nabokov.security.web.AuthControllerTest" time="1.816" tests="9" errors="0" skipped="0" failures="0">
  <properties>
[...]
</properties>
  <testcase name="refresh - should return new access token" classname="dstu.mkis44.nabokov.security.web.AuthControllerTest" time="0.242">
    <system-out><![CDATA[2025_06-02 18:55:22.338+03:00  INFO 12532 [           main] t.c.s.AnnotationConfigContextLoaderUtils :                                  Could not detect default configuration classes for test class [dstu.mkis44.nabokov.security.web.AuthControllerTest]: AuthControllerTest does not declare any static, non-private, non-final, nested classes annotated with @Configuration.
2025_06-02 18:55:22.361+03:00  INFO 12532 [           main] .b.t.c.SpringBootTestContextBootstrapper :                                  Found @SpringBootConfiguration dstu.mkis44.nabokov.Application for test class dstu.mkis44.nabokov.security.web.AuthControllerTest

  .   ____          _            __ _ _
 /\\ / ___'_ __ _ _(_)_ __  __ _ \ \ \ \
( ( )\___ | '_ | '_| | '_ \/ _` | \ \ \ \
 \\/  ___)| |_)| | | | | || (_| |  ) ) ) )
  '  |____| .__|_| |_|_| |_\__, | / / / /
 =========|_|==============|___/=/_/_/_/
 :: Spring Boot ::                (v3.2.3)

2025_06-02 18:55:22.399+03:00  INFO 12532 [           main] d.m.n.security.web.AuthControllerTest    :                                  Starting AuthControllerTest using Java 21.0.5 with PID 12532 (started by nnabo in C:\Users\nnabo\OneDrive\Документы\Диплом\Project\diplom-api)
2025_06-02 18:55:22.399+03:00  INFO 12532 [           main] d.m.n.security.web.AuthControllerTest    :                                  No active profile set, falling back to 1 default profile: "default"
2025_06-02 18:55:23.676+03:00  INFO 12532 [           main] o.s.s.web.DefaultSecurityFilterChain     :                                  Will secure any request with [org.springframework.security.web.session.DisableEncodeUrlFilter@298154d4, org.springframework.security.web.context.request.async.WebAsyncManagerIntegrationFilter@474aeac5, org.springframework.security.web.context.SecurityContextHolderFilter@5a6dd1e7, org.springframework.security.web.header.HeaderWriterFilter@648e25f2, org.springframework.web.filter.CorsFilter@7cb9295f, org.springframework.security.web.csrf.CsrfFilter@57d71569, org.springframework.security.web.authentication.logout.LogoutFilter@6f34d178, org.springframework.security.web.authentication.UsernamePasswordAuthenticationFilter@4c33bf70, org.springframework.security.web.authentication.ui.DefaultLoginPageGeneratingFilter@6245303e, org.springframework.security.web.authentication.ui.DefaultLogoutPageGeneratingFilter@2b6282bb, org.springframework.security.web.authentication.www.BasicAuthenticationFilter@6990f6af, org.springframework.security.web.savedrequest.RequestCacheAwareFilter@75ad7531, org.springframework.security.web.servletapi.SecurityContextHolderAwareRequestFilter@4d619aa0, org.springframework.security.web.authentication.AnonymousAuthenticationFilter@8e654f7, org.springframework.security.web.access.ExceptionTranslationFilter@635900ef, org.springframework.security.web.access.intercept.AuthorizationFilter@71e6bac0]
2025_06-02 18:55:23.725+03:00  INFO 12532 [           main] o.s.b.t.m.w.SpringBootMockServletContext :                                  Initializing Spring TestDispatcherServlet ''
2025_06-02 18:55:23.725+03:00  INFO 12532 [           main] o.s.t.web.servlet.TestDispatcherServlet  :                                  Initializing Servlet ''
2025_06-02 18:55:23.726+03:00  INFO 12532 [           main] o.s.t.web.servlet.TestDispatcherServlet  :                                  Completed initialization in 1 ms
2025_06-02 18:55:23.738+03:00  INFO 12532 [           main] d.m.n.security.web.AuthControllerTest    :                                  Started AuthControllerTest in 1.366 seconds (process running for 5.688)
2025_06-02 18:55:23.750+03:00  INFO 12532 [           main] o.s.b.t.m.w.SpringBootMockServletContext :                                  Initializing Spring TestDispatcherServlet ''
2025_06-02 18:55:23.750+03:00  INFO 12532 [           main] o.s.t.web.servlet.TestDispatcherServlet  :                                  Initializing Servlet ''
2025_06-02 18:55:23.750+03:00  INFO 12532 [           main] o.s.t.web.servlet.TestDispatcherServlet  :                                  Completed initialization in 0 ms
]]></system-out>
  </testcase>
  <testcase name="login - should return bad request when credentials format is invalid" classname="dstu.mkis44.nabokov.security.web.AuthControllerTest" time="0.037">
    <system-out><![CDATA[2025_06-02 18:55:23.991+03:00  INFO 12532 [           main] o.s.b.t.m.w.SpringBootMockServletContext :                                  Initializing Spring TestDispatcherServlet ''
2025_06-02 18:55:23.991+03:00  INFO 12532 [           main] o.s.t.web.servlet.TestDispatcherServlet  :                                  Initializing Servlet ''
2025_06-02 18:55:23.991+03:00  INFO 12532 [           main] o.s.t.web.servlet.TestDispatcherServlet  :                                  Completed initialization in 0 ms
]]></system-out>
  </testcase>
  <testcase name="register - should return conflict when username exists" classname="dstu.mkis44.nabokov.security.web.AuthControllerTest" time="0.042">
    <system-out><![CDATA[2025_06-02 18:55:24.031+03:00  INFO 12532 [           main] o.s.b.t.m.w.SpringBootMockServletContext :                                  Initializing Spring TestDispatcherServlet ''
2025_06-02 18:55:24.031+03:00  INFO 12532 [           main] o.s.t.web.servlet.TestDispatcherServlet  :                                  Initializing Servlet ''
2025_06-02 18:55:24.031+03:00  INFO 12532 [           main] o.s.t.web.servlet.TestDispatcherServlet  :                                  Completed initialization in 0 ms
]]></system-out>
  </testcase>
  <testcase name="register - should create new user and return tokens" classname="dstu.mkis44.nabokov.security.web.AuthControllerTest" time="0.013">
    <system-out><![CDATA[2025_06-02 18:55:24.075+03:00  INFO 12532 [           main] o.s.b.t.m.w.SpringBootMockServletContext :                                  Initializing Spring TestDispatcherServlet ''
2025_06-02 18:55:24.076+03:00  INFO 12532 [           main] o.s.t.web.servlet.TestDispatcherServlet  :                                  Initializing Servlet ''
2025_06-02 18:55:24.077+03:00  INFO 12532 [           main] o.s.t.web.servlet.TestDispatcherServlet  :                                  Completed initialization in 1 ms
]]></system-out>
  </testcase>
  <testcase name="refresh - should return unauthorized when refresh token is invalid or expired" classname="dstu.mkis44.nabokov.security.web.AuthControllerTest" time="0.014">
    <system-out><![CDATA[2025_06-02 18:55:24.091+03:00  INFO 12532 [           main] o.s.b.t.m.w.SpringBootMockServletContext :                                  Initializing Spring TestDispatcherServlet ''
2025_06-02 18:55:24.091+03:00  INFO 12532 [           main] o.s.t.web.servlet.TestDispatcherServlet  :                                  Initializing Servlet ''
2025_06-02 18:55:24.091+03:00  INFO 12532 [           main] o.s.t.web.servlet.TestDispatcherServlet  :                                  Completed initialization in 0 ms
]]></system-out>
  </testcase>
  <testcase name="login - should authenticate user and return tokens" classname="dstu.mkis44.nabokov.security.web.AuthControllerTest" time="0.015">
    <system-out><![CDATA[2025_06-02 18:55:24.109+03:00  INFO 12532 [           main] o.s.b.t.m.w.SpringBootMockServletContext :                                  Initializing Spring TestDispatcherServlet ''
2025_06-02 18:55:24.110+03:00  INFO 12532 [           main] o.s.t.web.servlet.TestDispatcherServlet  :                                  Initializing Servlet ''
2025_06-02 18:55:24.110+03:00  INFO 12532 [           main] o.s.t.web.servlet.TestDispatcherServlet  :                                  Completed initialization in 0 ms
]]></system-out>
  </testcase>
  <testcase name="register - should return bad request when email is invalid" classname="dstu.mkis44.nabokov.security.web.AuthControllerTest" time="0.008">
    <system-out><![CDATA[2025_06-02 18:55:24.123+03:00  INFO 12532 [           main] o.s.b.t.m.w.SpringBootMockServletContext :                                  Initializing Spring TestDispatcherServlet ''
2025_06-02 18:55:24.123+03:00  INFO 12532 [           main] o.s.t.web.servlet.TestDispatcherServlet  :                                  Initializing Servlet ''
2025_06-02 18:55:24.124+03:00  INFO 12532 [           main] o.s.t.web.servlet.TestDispatcherServlet  :                                  Completed initialization in 1 ms
]]></system-out>
  </testcase>
  <testcase name="login - should return unauthorized when credentials are invalid" classname="dstu.mkis44.nabokov.security.web.AuthControllerTest" time="0.008">
    <system-out><![CDATA[2025_06-02 18:55:24.135+03:00  INFO 12532 [           main] o.s.b.t.m.w.SpringBootMockServletContext :                                  Initializing Spring TestDispatcherServlet ''
2025_06-02 18:55:24.135+03:00  INFO 12532 [           main] o.s.t.web.servlet.TestDispatcherServlet  :                                  Initializing Servlet ''
2025_06-02 18:55:24.136+03:00  INFO 12532 [           main] o.s.t.web.servlet.TestDispatcherServlet  :                                  Completed initialization in 1 ms
]]></system-out>
  </testcase>
  <testcase name="register - should return bad request when password is too weak" classname="dstu.mkis44.nabokov.security.web.AuthControllerTest" time="0.008">
    <system-out><![CDATA[2025_06-02 18:55:24.145+03:00  INFO 12532 [           main] o.s.b.t.m.w.SpringBootMockServletContext :                                  Initializing Spring TestDispatcherServlet ''
2025_06-02 18:55:24.145+03:00  INFO 12532 [           main] o.s.t.web.servlet.TestDispatcherServlet  :                                  Initializing Servlet ''
2025_06-02 18:55:24.145+03:00  INFO 12532 [           main] o.s.t.web.servlet.TestDispatcherServlet  :                                  Completed initialization in 0 ms
]]></system-out>
  </testcase>
</testsuite>